============================================================
  Generated by:           Genus(TM) Synthesis Solution 20.11-s111_1
  Generated on:           Sep 18 2024  02:40:27 pm
  Module:                 csa
  Operating conditions:   slow 
  Interconnect mode:      global
  Area mode:              physical library
============================================================

                             
   Gate    Instances   Area  Library 
-------------------------------------
ADDFX1             6  30.780    slow 
ADDHX1             1   3.762    slow 
CLKXOR2X1          1   2.736    slow 
DFFHQX1            5  27.360    slow 
-------------------------------------
total             13  64.638         


                                       
     Type      Instances  Area  Area % 
---------------------------------------
sequential             5 27.360   42.3 
logic                  8 37.278   57.7 
physical_cells         0  0.000    0.0 
---------------------------------------
total                 13 64.638  100.0 

