============================================================
  Generated by:           Genus(TM) Synthesis Solution 20.11-s111_1
  Generated on:           Sep 18 2024  02:58:26 pm
  Module:                 hybr
  Operating conditions:   slow 
  Interconnect mode:      global
  Area mode:              physical library
============================================================

Instance Module  Cell Count  Cell Area  Net Area   Total Area 
--------------------------------------------------------------
hybr                     29    139.536    52.627      192.163 
  x1     fa               1      5.130     0.000        5.130 
  x2     fa_24            1      5.130     0.000        5.130 
  x3     fa_23            1      5.130     0.000        5.130 
  x4     fa_22            1      5.130     0.000        5.130 
  x5     fa_21            1      5.130     0.000        5.130 
  x6     fa_20            1      5.130     0.000        5.130 
  x7     fa_19            1      5.130     0.000        5.130 
  x8     fa_18            1      5.130     0.000        5.130 
  y1     ha               1      3.762     0.000        3.762 
  y2     fa_17            1      5.130     0.000        5.130 
  y3     fa_16            1      5.130     0.000        5.130 
  y5     ha_28            1      3.762     0.000        3.762 
  y6     fa_15            1      5.130     0.000        5.130 
  y7     fa_14            1      5.130     0.000        5.130 
  y8     fa_13            1      5.130     0.000        5.130 
  y9     ha_27            1      3.762     0.000        3.762 
  y10    ha_26            1      3.762     0.000        3.762 
  y11    ha_25            1      3.762     0.000        3.762 
