============================================================
  Generated by:           Genus(TM) Synthesis Solution 20.11-s111_1
  Generated on:           Sep 18 2024  02:58:26 pm
  Module:                 hybr
  Operating conditions:   slow 
  Interconnect mode:      global
  Area mode:              physical library
============================================================

                            
  Gate   Instances   Area   Library 
------------------------------------
ADDFX1          13   66.690    slow 
ADDHX1           5   18.810    slow 
DFFHQX1          9   49.248    slow 
XNOR2X1          2    4.788    slow 
------------------------------------
total           29  139.536         


                                        
     Type      Instances   Area  Area % 
----------------------------------------
sequential             9  49.248   35.3 
logic                 20  90.288   64.7 
physical_cells         0   0.000    0.0 
----------------------------------------
total                 29 139.536  100.0 

