============================================================
  Generated by:           Genus(TM) Synthesis Solution 20.11-s111_1
  Generated on:           Sep 18 2024  02:58:25 pm
  Module:                 hybr
  Operating conditions:   slow 
  Interconnect mode:      global
  Area mode:              physical library
============================================================


Path 1: MET (16723 ps) Setup Check with Pin carry_reg/CK->D
          Group: clk
     Startpoint: (F) b[1]
          Clock: (R) clk
       Endpoint: (R) carry_reg/D
          Clock: (R) clk

                     Capture       Launch     
        Clock Edge:+   20000            0     
        Drv Adjust:+       0            0     
       Src Latency:+       0            0     
       Net Latency:+       0 (I)        0 (I) 
           Arrival:=   20000            0     
                                              
             Setup:-      80                  
       Uncertainty:-      10                  
     Required Time:=   19910                  
      Launch Clock:-       0                  
       Input Delay:-    1000                  
         Data Path:-    2187                  
             Slack:=   16723                  

Exceptions/Constraints:
  input_delay             1000            hybr.sdc_line_16_18_1 

#----------------------------------------------------------------------------------------
# Timing Point   Flags    Arc   Edge   Cell     Fanout Load Trans Delay Arrival Instance 
#                                                      (fF)  (ps)  (ps)   (ps)  Location 
#----------------------------------------------------------------------------------------
  b[1]           -       -      F     (arrival)      1  6.3     0     0    1000    (-,-) 
  x2/g52/S       -       B->S   R     ADDFX1         1  5.5   124   316    1316    (-,-) 
  y1/g18/CO      -       B->CO  R     ADDHX1         1  5.8   111   182    1498    (-,-) 
  y2/g52/CO      -       CI->CO R     ADDFX1         1  5.8   127   247    1746    (-,-) 
  y3/g52/CO      -       CI->CO R     ADDFX1         1  5.8   127   252    1998    (-,-) 
  y8/g52/CO      -       CI->CO R     ADDFX1         1  5.5   123   250    2248    (-,-) 
  y9/g18/CO      -       B->CO  R     ADDHX1         1  5.5   107   180    2428    (-,-) 
  y10/g18/CO     -       B->CO  R     ADDHX1         1  5.5   107   174    2602    (-,-) 
  y11/g18/CO     -       B->CO  R     ADDHX1         1  5.0   100   170    2772    (-,-) 
  g31/Y          -       B->Y   F     XNOR2X1        1  5.0   110   193    2965    (-,-) 
  g30/Y          -       B->Y   R     XNOR2X1        1  4.6    96   222    3187    (-,-) 
  carry_reg/D    <<<     -      R     DFFHQX1        1    -     -     0    3187    (-,-) 
#----------------------------------------------------------------------------------------

